<?xml version="1.0" encoding="UTF-8"?><testsuite errors="1" failures="0" name="Juan Camilo desea automatizar la prueba tecnica de Sophos" skipped="0" tests="1" time="15.14" timestamp="2022-11-10 11:12:04"><testcase name="Automatizar el escenario propuesto para la prueba tecnica"><error message="The following error occurred: Failed to decode response from marionette&#10;Build info: version: '4.4.0', revision: 'e5c75ed026a'&#10;System info: host: 'QV-4400', ip: '192.168.0.10', os.name: 'Windows 10', os.arch: 'amd64', os.version: '10.0', java.version: '17.0.5'&#10;Driver info: org.openqa.selenium.firefox.FirefoxDriver&#10;Command: [33833d5a-6306-46db-8d53-6a5c04c44da1, findElement {using=xpath, value=//input[@value='66']}]&#10;Capabilities {acceptInsecureCerts: true, browserName: firefox, browserVersion: 106.0.5, goog:chromeOptions: {args: [test-type, ignore-certificate-errors, --window-size=1920,1080, incognito, disable-infobars, disable-gpu, disable-default-apps, disable-popup-blocking]}, moz:accessibilityChecks: false, moz:buildID: 20221104133228, moz:geckodriverVersion: 0.32.0, moz:headless: false, moz:platformVersion: 10.0, moz:processID: 25660, moz:profile: C:\Users\UserQV\AppData\Loc..., moz:shutdownTimeout: 60000, moz:useNonSpecCompliantPointerOrigin: false, moz:webdriverClick: true, moz:windowless: false, pageLoadStrategy: normal, platformName: WINDOWS, proxy: Proxy(), setWindowRect: true, strictFileInteractability: false, timeouts: {implicit: 0, pageLoad: 300000, script: 30000}, unhandledPromptBehavior: dismiss and notify}&#10;Session ID: 33833d5a-6306-46db-8d53-6a5c04c44da1" type="org.openqa.selenium.WebDriverException">The following error occurred: Failed to decode response from marionette
Build info: version: '4.4.0', revision: 'e5c75ed026a'
System info: host: 'QV-4400', ip: '192.168.0.10', os.name: 'Windows 10', os.arch: 'amd64', os.version: '10.0', java.version: '17.0.5'
Driver info: org.openqa.selenium.firefox.FirefoxDriver
Command: [33833d5a-6306-46db-8d53-6a5c04c44da1, findElement {using=xpath, value=//input[@value='66']}]
Capabilities {acceptInsecureCerts: true, browserName: firefox, browserVersion: 106.0.5, goog:chromeOptions: {args: [test-type, ignore-certificate-errors, --window-size=1920,1080, incognito, disable-infobars, disable-gpu, disable-default-apps, disable-popup-blocking]}, moz:accessibilityChecks: false, moz:buildID: 20221104133228, moz:geckodriverVersion: 0.32.0, moz:headless: false, moz:platformVersion: 10.0, moz:processID: 25660, moz:profile: C:\Users\UserQV\AppData\Loc..., moz:shutdownTimeout: 60000, moz:useNonSpecCompliantPointerOrigin: false, moz:webdriverClick: true, moz:windowless: false, pageLoadStrategy: normal, platformName: WINDOWS, proxy: Proxy(), setWindowRect: true, strictFileInteractability: false, timeouts: {implicit: 0, pageLoad: 300000, script: 30000}, unhandledPromptBehavior: dismiss and notify}
Session ID: 33833d5a-6306-46db-8d53-6a5c04c44da1</error><system-err>The following error occurred: Failed to decode response from marionette
Build info: version: '4.4.0', revision: 'e5c75ed026a'
System info: host: 'QV-4400', ip: '192.168.0.10', os.name: 'Windows 10', os.arch: 'amd64', os.version: '10.0', java.version: '17.0.5'
Driver info: org.openqa.selenium.firefox.FirefoxDriver
Command: [33833d5a-6306-46db-8d53-6a5c04c44da1, findElement {using=xpath, value=//input[@value='66']}]
Capabilities {acceptInsecureCerts: true, browserName: firefox, browserVersion: 106.0.5, goog:chromeOptions: {args: [test-type, ignore-certificate-errors, --window-size=1920,1080, incognito, disable-infobars, disable-gpu, disable-default-apps, disable-popup-blocking]}, moz:accessibilityChecks: false, moz:buildID: 20221104133228, moz:geckodriverVersion: 0.32.0, moz:headless: false, moz:platformVersion: 10.0, moz:processID: 25660, moz:profile: C:\Users\UserQV\AppData\Loc..., moz:shutdownTimeout: 60000, moz:useNonSpecCompliantPointerOrigin: false, moz:webdriverClick: true, moz:windowless: false, pageLoadStrategy: normal, platformName: WINDOWS, proxy: Proxy(), setWindowRect: true, strictFileInteractability: false, timeouts: {implicit: 0, pageLoad: 300000, script: 30000}, unhandledPromptBehavior: dismiss and notify}
Session ID: 33833d5a-6306-46db-8d53-6a5c04c44da1&#13;
tasks.IngresarCicloUnoPruebaSophos.performAs(IngresarCicloUnoPruebaSophos.java:26)&#13;
pruebasophos.Definitions.StepDefinitions.daClickEnElMultiploDeSeisYSeleccionandoLaRespuesta(StepDefinitions.java:85)&#13;
io.cucumber.java.Invoker.doInvoke(Invoker.java:66)&#13;
io.cucumber.java.Invoker.invoke(Invoker.java:24)&#13;
io.cucumber.java.AbstractGlueDefinition.invokeMethod(AbstractGlueDefinition.java:47)&#13;
io.cucumber.java.JavaStepDefinition.execute(JavaStepDefinition.java:29)&#13;
io.cucumber.core.runner.CoreStepDefinition.execute(CoreStepDefinition.java:66)&#13;
io.cucumber.core.runner.PickleStepDefinitionMatch.runStep(PickleStepDefinitionMatch.java:63)&#13;
io.cucumber.core.runner.TestStep.executeStep(TestStep.java:85)&#13;
io.cucumber.core.runner.TestStep.run(TestStep.java:57)&#13;
io.cucumber.core.runner.PickleStepTestStep.run(PickleStepTestStep.java:51)&#13;
io.cucumber.core.runner.TestCase.run(TestCase.java:84)&#13;
io.cucumber.core.runner.Runner.runPickle(Runner.java:75)&#13;
io.cucumber.core.runtime.CucumberExecutionContext.lambda$runTestCase$5(CucumberExecutionContext.java:129)&#13;
io.cucumber.core.runtime.RethrowingThrowableCollector.executeAndThrow(RethrowingThrowableCollector.java:23)&#13;
io.cucumber.core.runtime.CucumberExecutionContext.runTestCase(CucumberExecutionContext.java:129)&#13;
io.cucumber.junit.FeatureRunner.runChild(FeatureRunner.java:144)&#13;
io.cucumber.junit.FeatureRunner.runChild(FeatureRunner.java:28)&#13;
io.cucumber.junit.FeatureRunner.run(FeatureRunner.java:137)&#13;
io.cucumber.junit.CucumberSerenityRunner.runChild(CucumberSerenityRunner.java:259)&#13;
io.cucumber.junit.CucumberSerenityRunner.runChild(CucumberSerenityRunner.java:59)&#13;
worker.org.gradle.process.internal.worker.GradleWorkerMain.run(GradleWorkerMain.java:69)&#13;
worker.org.gradle.process.internal.worker.GradleWorkerMain.main(GradleWorkerMain.java:74)&#13;
</system-err></testcase></testsuite>